============================= test session starts =============================
platform win32 -- Python 3.11.15, pytest-9.1.1, pluggy-1.6.0 -- D:\量化\.venv\Scripts\python.exe
cachedir: .pytest_cache
rootdir: D:\量化
configfile: pyproject.toml
collecting ... collected 11 items

tests/test_band_contract.py::test_01_fee_conservation PASSED             [  9%]
tests/test_band_contract.py::test_02_t1_zero_violations PASSED           [ 18%]
tests/test_band_contract.py::test_03_lot_invariant PASSED                [ 27%]
tests/test_band_contract.py::test_04_cash_nonneg_priority_order PASSED   [ 36%]
tests/test_band_contract.py::test_05_touch_vs_penetration PASSED         [ 45%]
tests/test_band_contract.py::test_06_corporate_actions PASSED            [ 54%]
tests/test_band_contract.py::test_07_suspension_and_limit_legality PASSED [ 63%]
tests/test_band_contract.py::test_08_sell_reanchor_k3_fallback PASSED    [ 72%]
tests/test_band_contract.py::test_09_sale_proceeds_next_day PASSED       [ 81%]
tests/test_band_contract.py::test_10_stamp_tax_segmentation PASSED       [ 90%]
tests/test_band_contract.py::test_00_input_guards PASSED                 [100%]

============================= 11 passed in 5.61s ==============================
